<?xml version="1.0" encoding="UTF-8"?>
<!-- Generated by org.testng.reporters.JUnitReportReporter -->
<testsuite skipped="0" hostname="ERANDI-D" name="TestJenkins" tests="1" failures="0" timestamp="08 May 2023 02:24:45 GMT" time="1.209" errors="0">
  <testcase name="testQAEnv" time="1.209" classname="TestJenkins"/>
</testsuite> <!-- TestJenkins -->
